2022-05-25 09:59:47.978  INFO 15164 --- [restartedMain] com.hcl.SpringBootEcommerceApplication   : Starting SpringBootEcommerceApplication using Java 18.0.1.1 on LAPTOP-GBK1NOE7 with PID 15164 (C:\Users\Aleesha Jiwani\hcl-aprbatch\hcl-aprbatch-group1\back-end\spring-boot-ecommerce\target\classes started by Aleesha Jiwani in C:\Users\Aleesha Jiwani\hcl-aprbatch\hcl-aprbatch-group1\back-end\spring-boot-ecommerce)
2022-05-25 09:59:47.986  INFO 15164 --- [restartedMain] com.hcl.SpringBootEcommerceApplication   : No active profile set, falling back to 1 default profile: "default"
2022-05-25 09:59:48.165  INFO 15164 --- [restartedMain] .e.DevToolsPropertyDefaultsPostProcessor : Devtools property defaults active! Set 'spring.devtools.add-properties' to 'false' to disable
2022-05-25 09:59:48.165  INFO 15164 --- [restartedMain] .e.DevToolsPropertyDefaultsPostProcessor : For additional web related logging consider setting the 'logging.level.web' property to 'DEBUG'
2022-05-25 09:59:50.724  INFO 15164 --- [restartedMain] .s.d.r.c.RepositoryConfigurationDelegate : Bootstrapping Spring Data JPA repositories in DEFAULT mode.
2022-05-25 09:59:50.933  INFO 15164 --- [restartedMain] .s.d.r.c.RepositoryConfigurationDelegate : Finished Spring Data repository scanning in 180 ms. Found 6 JPA repository interfaces.
2022-05-25 09:59:53.844  INFO 15164 --- [restartedMain] o.s.b.w.embedded.tomcat.TomcatWebServer  : Tomcat initialized with port(s): 8443 (https)
2022-05-25 09:59:53.904  INFO 15164 --- [restartedMain] o.apache.catalina.core.StandardService   : Starting service [Tomcat]
2022-05-25 09:59:53.905  INFO 15164 --- [restartedMain] org.apache.catalina.core.StandardEngine  : Starting Servlet engine: [Apache Tomcat/9.0.62]
2022-05-25 09:59:54.267  INFO 15164 --- [restartedMain] o.a.c.c.C.[Tomcat].[localhost].[/]       : Initializing Spring embedded WebApplicationContext
2022-05-25 09:59:54.269  INFO 15164 --- [restartedMain] w.s.c.ServletWebServerApplicationContext : Root WebApplicationContext: initialization completed in 6102 ms
2022-05-25 09:59:55.207  INFO 15164 --- [restartedMain] com.zaxxer.hikari.HikariDataSource       : HikariPool-1 - Starting...
2022-05-25 09:59:55.651  INFO 15164 --- [restartedMain] com.zaxxer.hikari.HikariDataSource       : HikariPool-1 - Start completed.
2022-05-25 09:59:55.836  INFO 15164 --- [restartedMain] o.hibernate.jpa.internal.util.LogHelper  : HHH000204: Processing PersistenceUnitInfo [name: default]
2022-05-25 09:59:56.008  INFO 15164 --- [restartedMain] org.hibernate.Version                    : HHH000412: Hibernate ORM core version 5.6.8.Final
2022-05-25 09:59:56.574  INFO 15164 --- [restartedMain] o.hibernate.annotations.common.Version   : HCANN000001: Hibernate Commons Annotations {5.1.2.Final}
2022-05-25 09:59:56.933  INFO 15164 --- [restartedMain] org.hibernate.dialect.Dialect            : HHH000400: Using dialect: org.hibernate.dialect.MySQL8Dialect
2022-05-25 09:59:58.818  INFO 15164 --- [restartedMain] o.h.e.t.j.p.i.JtaPlatformInitiator       : HHH000490: Using JtaPlatform implementation: [org.hibernate.engine.transaction.jta.platform.internal.NoJtaPlatform]
2022-05-25 09:59:58.845  INFO 15164 --- [restartedMain] j.LocalContainerEntityManagerFactoryBean : Initialized JPA EntityManagerFactory for persistence unit 'default'
2022-05-25 09:59:59.171  WARN 15164 --- [restartedMain] JpaBaseConfiguration$JpaWebConfiguration : spring.jpa.open-in-view is enabled by default. Therefore, database queries may be performed during view rendering. Explicitly configure spring.jpa.open-in-view to disable this warning
2022-05-25 10:00:08.071  INFO 15164 --- [restartedMain] o.s.s.web.DefaultSecurityFilterChain     : Will secure any request with [org.springframework.security.web.context.request.async.WebAsyncManagerIntegrationFilter@aa51f00, org.springframework.security.web.context.SecurityContextPersistenceFilter@657433fc, org.springframework.security.web.header.HeaderWriterFilter@3bae3f85, org.springframework.web.filter.CorsFilter@6c337611, org.springframework.security.web.authentication.logout.LogoutFilter@2f71663a, org.springframework.security.oauth2.client.web.OAuth2AuthorizationRequestRedirectFilter@4d9932de, org.springframework.security.oauth2.client.web.OAuth2LoginAuthenticationFilter@1df315dc, org.springframework.security.web.authentication.ui.DefaultLoginPageGeneratingFilter@17375676, org.springframework.security.web.authentication.ui.DefaultLogoutPageGeneratingFilter@2370fcc4, org.springframework.security.oauth2.server.resource.web.BearerTokenAuthenticationFilter@45de77a1, org.springframework.security.web.savedrequest.RequestCacheAwareFilter@7c14a665, org.springframework.security.web.servletapi.SecurityContextHolderAwareRequestFilter@677b4842, org.springframework.security.web.authentication.AnonymousAuthenticationFilter@7caf7670, org.springframework.security.web.session.SessionManagementFilter@22700f25, org.springframework.security.web.access.ExceptionTranslationFilter@559c54d8, org.springframework.security.web.access.intercept.FilterSecurityInterceptor@5f454d32]
2022-05-25 10:00:08.342  INFO 15164 --- [restartedMain] o.s.b.d.a.OptionalLiveReloadServer       : LiveReload server is running on port 35729
2022-05-25 10:00:08.976  INFO 15164 --- [restartedMain] o.s.b.w.embedded.tomcat.TomcatWebServer  : Tomcat started on port(s): 8443 (https) with context path ''
2022-05-25 10:00:09.002  INFO 15164 --- [restartedMain] com.hcl.SpringBootEcommerceApplication   : Started SpringBootEcommerceApplication in 21.775 seconds (JVM running for 28.582)
2022-05-25 10:09:49.614  INFO 15164 --- [https-jsse-nio-8443-exec-9] o.a.c.c.C.[Tomcat].[localhost].[/]       : Initializing Spring DispatcherServlet 'dispatcherServlet'
2022-05-25 10:09:49.615  INFO 15164 --- [https-jsse-nio-8443-exec-9] o.s.web.servlet.DispatcherServlet        : Initializing Servlet 'dispatcherServlet'
2022-05-25 10:09:49.618  INFO 15164 --- [https-jsse-nio-8443-exec-9] o.s.web.servlet.DispatcherServlet        : Completed initialization in 3 ms
